2020-08-29 09:17:14,930:INFO:PyCaret Regression Module
2020-08-29 09:17:14,931:INFO:version 2.0
2020-08-29 09:17:14,931:INFO:Initializing setup()
2020-08-29 09:17:14,931:INFO:USI: 2293
2020-08-29 09:17:14,931:INFO:setup(data=(55583, 28), target=y, train_size=0.7, sampling=True, sample_estimator=None, categorical_features=None, categorical_imputation=constant, ordinal_features=None,
                    high_cardinality_features=None, high_cardinality_method=frequency, numeric_features=None, numeric_imputation=mean, date_features=None, ignore_features=None, normalize=False,
                    normalize_method=zscore, transformation=False, transformation_method=yeo-johnson, handle_unknown_categorical=True, unknown_categorical_method=least_frequent, pca=False, pca_method=linear,
                    pca_components=None, ignore_low_variance=False, combine_rare_levels=False, rare_level_threshold=0.1, bin_numeric_features=None, remove_outliers=False, outliers_threshold=0.05,
                    remove_multicollinearity=False, multicollinearity_threshold=0.9, remove_perfect_collinearity=False, create_clusters=False, cluster_iter=20,
                    polynomial_features=False, polynomial_degree=2, trigonometry_features=False, polynomial_threshold=0.1, group_features=None,
                    group_names=None, feature_selection=False, feature_selection_threshold=0.8, feature_interaction=False, feature_ratio=False, interaction_threshold=0.01, transform_target=False,
                    transform_target_method=box-cox, data_split_shuffle=True, folds_shuffle=False, n_jobs=-1, html=True, session_id=None, log_experiment=False,
                    experiment_name=None, log_plots=False, log_profile=False, log_data=False, silent=False, verbose=True, profile=False)
2020-08-29 09:17:14,932:INFO:Checking environment
2020-08-29 09:17:14,932:INFO:python_version: 3.7.6
2020-08-29 09:17:14,932:INFO:python_build: ('default', 'Jan  8 2020 20:23:39')
2020-08-29 09:17:14,932:INFO:machine: AMD64
2020-08-29 09:17:14,933:INFO:platform: Windows-10-10.0.19041-SP0
2020-08-29 09:17:14,933:INFO:Memory: svmem(total=17066790912, available=10016485376, percent=41.3, used=7050305536, free=10016485376)
2020-08-29 09:17:14,933:INFO:Physical Core: 4
2020-08-29 09:17:14,933:INFO:Logical Core: 8
2020-08-29 09:17:14,933:INFO:Checking libraries
2020-08-29 09:17:14,933:INFO:pd==1.0.1
2020-08-29 09:17:14,933:INFO:numpy==1.18.1
2020-08-29 09:17:14,933:INFO:sklearn==0.23.2
2020-08-29 09:17:14,933:INFO:xgboost==1.1.1
2020-08-29 09:17:14,933:INFO:lightgbm==2.3.1
2020-08-29 09:17:17,915:INFO:catboost==0.24
2020-08-29 09:17:26,348:INFO:mlflow==1.10.0
2020-08-29 09:17:26,349:INFO:Checking Exceptions
2020-08-29 09:17:26,349:INFO:Preloading libraries
2020-08-29 09:17:26,349:INFO:Preparing display monitor
2020-08-29 09:17:26,362:INFO:Importing libraries
2020-08-29 09:17:31,627:INFO:Copying data for preprocessing
2020-08-29 09:17:31,633:INFO:Declaring global variables
2020-08-29 09:17:31,638:INFO:Declaring preprocessing parameters
2020-08-29 09:17:31,639:INFO:Importing preprocessing module
2020-08-29 09:17:40,179:INFO:Creating preprocessing pipeline
2020-08-29 09:21:36,264:INFO:PyCaret Regression Module
2020-08-29 09:21:36,264:INFO:version 2.0
2020-08-29 09:21:36,264:INFO:Initializing setup()
2020-08-29 09:21:36,265:INFO:USI: a1f2
2020-08-29 09:21:36,265:INFO:setup(data=(55583, 28), target=y, train_size=0.7, sampling=True, sample_estimator=None, categorical_features=None, categorical_imputation=constant, ordinal_features=None,
                    high_cardinality_features=None, high_cardinality_method=frequency, numeric_features=None, numeric_imputation=mean, date_features=None, ignore_features=None, normalize=False,
                    normalize_method=zscore, transformation=False, transformation_method=yeo-johnson, handle_unknown_categorical=True, unknown_categorical_method=least_frequent, pca=False, pca_method=linear,
                    pca_components=None, ignore_low_variance=False, combine_rare_levels=False, rare_level_threshold=0.1, bin_numeric_features=None, remove_outliers=False, outliers_threshold=0.05,
                    remove_multicollinearity=False, multicollinearity_threshold=0.9, remove_perfect_collinearity=False, create_clusters=False, cluster_iter=20,
                    polynomial_features=False, polynomial_degree=2, trigonometry_features=False, polynomial_threshold=0.1, group_features=None,
                    group_names=None, feature_selection=False, feature_selection_threshold=0.8, feature_interaction=False, feature_ratio=False, interaction_threshold=0.01, transform_target=False,
                    transform_target_method=box-cox, data_split_shuffle=True, folds_shuffle=False, n_jobs=-1, html=True, session_id=None, log_experiment=False,
                    experiment_name=None, log_plots=False, log_profile=False, log_data=False, silent=False, verbose=True, profile=False)
2020-08-29 09:21:36,265:INFO:Checking environment
2020-08-29 09:21:36,265:INFO:python_version: 3.7.6
2020-08-29 09:21:36,265:INFO:python_build: ('default', 'Jan  8 2020 20:23:39')
2020-08-29 09:21:36,265:INFO:machine: AMD64
2020-08-29 09:21:36,265:INFO:platform: Windows-10-10.0.19041-SP0
2020-08-29 09:21:36,265:INFO:Memory: svmem(total=17066790912, available=11663233024, percent=31.7, used=5403557888, free=11663233024)
2020-08-29 09:21:36,265:INFO:Physical Core: 4
2020-08-29 09:21:36,265:INFO:Logical Core: 8
2020-08-29 09:21:36,265:INFO:Checking libraries
2020-08-29 09:21:36,265:INFO:pd==1.0.1
2020-08-29 09:21:36,265:INFO:numpy==1.18.1
2020-08-29 09:21:36,265:INFO:sklearn==0.23.2
2020-08-29 09:21:36,266:INFO:xgboost==1.1.1
2020-08-29 09:21:36,266:INFO:lightgbm==2.3.1
2020-08-29 09:21:37,109:INFO:catboost==0.24
2020-08-29 09:21:42,552:INFO:mlflow==1.10.0
2020-08-29 09:21:42,553:INFO:Checking Exceptions
2020-08-29 09:21:42,553:INFO:Preloading libraries
2020-08-29 09:21:42,553:INFO:Preparing display monitor
2020-08-29 09:21:42,572:INFO:Importing libraries
2020-08-29 09:21:45,612:INFO:Copying data for preprocessing
2020-08-29 09:21:45,619:INFO:Declaring global variables
2020-08-29 09:21:45,635:INFO:Declaring preprocessing parameters
2020-08-29 09:21:45,636:INFO:Importing preprocessing module
2020-08-29 09:21:49,699:INFO:Creating preprocessing pipeline
